<?xml version="1.0" encoding="UTF-8"?>
<testsuite name="chan.movie.movie.step02.ReservationDBTest" tests="1" skipped="0" failures="0" errors="0" timestamp="2023-08-26T15:51:39" hostname="MINGTIAN-CHAN" time="0.076">
  <properties/>
  <testcase name="deleteTestFail()" classname="chan.movie.movie.step02.ReservationDBTest" time="0.076"/>
  <system-out><![CDATA[]]></system-out>
  <system-err><![CDATA[]]></system-err>
</testsuite>
